<?xml version="1.0" encoding="UTF-8"?>
<!-- Generated by org.testng.reporters.JUnitXMLReporter -->
<testsuite ignored="0" hostname="MSI" failures="0" tests="4" name="Test2" time="0.052" errors="0" timestamp="2022-04-14T10:24:55 IST">
  <testcase classname="com.naveen.parallelTest.TestClass4" name="TestMethod10" time="0.01"/>
  <testcase classname="com.naveen.parallelTest.TestClass4" name="TestMethod11" time="0.0"/>
  <testcase classname="com.naveen.parallelTest.TestClass4" name="TestMethod8" time="0.0"/>
  <testcase classname="com.naveen.parallelTest.TestClass4" name="TestMethod9" time="0.001"/>
</testsuite> <!-- Test2 -->
