<?xml version="1.0" encoding="UTF-8"?>
<!-- Generated by org.testng.reporters.JUnitXMLReporter -->
<testsuite ignored="0" hostname="MSI" failures="0" tests="6" name="Test1" time="0.048" errors="0" timestamp="2022-04-14T10:27:32 IST">
  <testcase classname="com.naveen.test.FlightBookingTest" name="Signup" time="0.006"/>
  <testcase classname="com.naveen.test.FlightBookingTest" name="Login" time="0.0"/>
  <testcase classname="com.naveen.test.FlightBookingTest" name="SearchForTheFlight" time="0.001"/>
  <testcase classname="com.naveen.test.FlightBookingTest" name="BookTheFlight" time="0.0"/>
  <testcase classname="com.naveen.test.FlightBookingTest" name="SaveTheTicket" time="0.001"/>
  <testcase classname="com.naveen.test.FlightBookingTest" name="Logout" time="0.001"/>
</testsuite> <!-- Test1 -->
