<?xml version="1.0" encoding="UTF-8"?>
<!-- Generated by org.testng.reporters.JUnitXMLReporter -->
<testsuite ignored="0" hostname="MSI" failures="0" tests="4" name="Test3" time="0.009" errors="0" timestamp="2022-03-16T22:50:21 IST">
  <testcase classname="com.naveen.parallelTest.TestClass3" name="TestMethod10" time="0.001"/>
  <testcase classname="com.naveen.parallelTest.TestClass3" name="TestMethod11" time="0.001"/>
  <testcase classname="com.naveen.parallelTest.TestClass3" name="TestMethod8" time="0.0"/>
  <testcase classname="com.naveen.parallelTest.TestClass3" name="TestMethod9" time="0.001"/>
</testsuite> <!-- Test3 -->
