<?xml version="1.0" encoding="UTF-8"?>
<!-- Generated by org.testng.reporters.JUnitXMLReporter -->
<testsuite ignored="2" hostname="MSI" failures="0" tests="1" name="Test1" time="18.931" errors="0" timestamp="2022-03-28T23:26:31 IST">
  <testcase classname="com.naveen.screenshots.TestClass" name="TestGoogle" time="13.182"/>
  <testcase classname="com.naveen.screenshots.TestClass" name="TestOrangeHRM" time="0.0">
    <ignored/>
  </testcase> <!-- TestOrangeHRM -->
  <testcase classname="com.naveen.screenshots.TestClass" name="TestFacebook" time="0.0">
    <ignored/>
  </testcase> <!-- TestFacebook -->
</testsuite> <!-- Test1 -->
