<?xml version="1.0" encoding="UTF-8"?>
<!-- Generated by org.testng.reporters.JUnitXMLReporter -->
<testsuite ignored="2" hostname="MSI" failures="1" tests="1" name="Test2" time="47.094" errors="0" timestamp="2022-03-28T23:27:18 IST">
  <testcase classname="com.naveen.screenshots.TestClass" name="TestFacebook" time="43.526">
    <failure type="java.lang.AssertionError" message="The following asserts failed:
	Title is mismatched expected [Log in to Facebook] but found [Facebook – log in or sign up]">
      <![CDATA[java.lang.AssertionError: The following asserts failed:
Title is mismatched expected [Log in to Facebook] but found [Facebook – log in or sign up]
at com.naveen.screenshots.TestClass.TestFacebook(TestClass.java:63)
at java.base/java.util.ArrayList.forEach(ArrayList.java:1511)
... Removed 29 stack frames]]>
    </failure>
  </testcase> <!-- TestFacebook -->
  <testcase classname="com.naveen.screenshots.TestClass" name="TestOrangeHRM" time="0.0">
    <ignored/>
  </testcase> <!-- TestOrangeHRM -->
  <testcase classname="com.naveen.screenshots.TestClass" name="TestGoogle" time="0.0">
    <ignored/>
  </testcase> <!-- TestGoogle -->
</testsuite> <!-- Test2 -->
